# JRE version: OpenJDK Runtime Environment Temurin-17.0.13+11 (17.0.13+11) (build 17.0.13+11)
# Java VM: OpenJDK 64-Bit Server VM Temurin-17.0.13+11 (17.0.13+11, mixed mode, tiered, compressed oops, compressed class ptrs, parallel gc, windows-amd64)
GC Precious Log:
 CPUs: 12 total, 12 available
 Memory: 6005M
 Large Page Support: Disabled
 NUMA Support: Disabled
 Compressed Oops: Enabled (32-bit)
 Alignments: Space 512K, Generation 512K, Heap 2M
 Heap Min Capacity: 100M
 Heap Initial Capacity: 100M
 Heap Max Capacity: 1G
 Pre-touch: Disabled
 Parallel Workers: 10
Heap:
 PSYoungGen      total 16384K, used 15394K [0x00000000eab00000, 0x00000000ebd80000, 0x0000000100000000)
  eden space 15872K, 93% used [0x00000000eab00000,0x00000000eb990b30,0x00000000eba80000)
  from space 512K, 93% used [0x00000000eba80000,0x00000000ebaf8000,0x00000000ebb00000)
  to   space 1536K, 0% used [0x00000000ebc00000,0x00000000ebc00000,0x00000000ebd80000)
 ParOldGen       total 68608K, used 44296K [0x00000000c0000000, 0x00000000c4300000, 0x00000000eab00000)
  object space 68608K, 64% used [0x00000000c0000000,0x00000000c2b42228,0x00000000c4300000)
 Metaspace       used 55457K, committed 56384K, reserved 1114112K
  class space    used 5447K, committed 5888K, reserved 1048576K
GC Heap History (20 events):
Event: 35.010 GC heap before
{Heap before GC invocations=32 (full 2):
 PSYoungGen      total 19968K, used 19776K [0x00000000eab00000, 0x00000000ec100000, 0x0000000100000000)
  eden space 17408K, 100% used [0x00000000eab00000,0x00000000ebc00000,0x00000000ebc00000)
  from space 2560K, 92% used [0x00000000ebc00000,0x00000000ebe50040,0x00000000ebe80000)
  to   space 2560K, 0% used [0x00000000ebe80000,0x00000000ebe80000,0x00000000ec100000)
 ParOldGen       total 68608K, used 38101K [0x00000000c0000000, 0x00000000c4300000, 0x00000000eab00000)
  object space 68608K, 55% used [0x00000000c0000000,0x00000000c25355d0,0x00000000c4300000)
 Metaspace       used 52614K, committed 53504K, reserved 1114112K
  class space    used 5197K, committed 5568K, reserved 1048576K
}
Event: 35.012 GC heap after
{Heap after GC invocations=32 (full 2):
 PSYoungGen      total 18432K, used 567K [0x00000000eab00000, 0x00000000ebf80000, 0x0000000100000000)
  eden space 17408K, 0% used [0x00000000eab00000,0x00000000eab00000,0x00000000ebc00000)
  from space 1024K, 55% used [0x00000000ebe80000,0x00000000ebf0de68,0x00000000ebf80000)
  to   space 1536K, 0% used [0x00000000ebc80000,0x00000000ebc80000,0x00000000ebe00000)
 ParOldGen       total 68608K, used 38923K [0x00000000c0000000, 0x00000000c4300000, 0x00000000eab00000)
  object space 68608K, 56% used [0x00000000c0000000,0x00000000c2602d70,0x00000000c4300000)
 Metaspace       used 52614K, committed 53504K, reserved 1114112K
  class space    used 5197K, committed 5568K, reserved 1048576K
}
Event: 35.462 GC heap before
{Heap before GC invocations=33 (full 2):
 PSYoungGen      total 18432K, used 17975K [0x00000000eab00000, 0x00000000ebf80000, 0x0000000100000000)
  eden space 17408K, 100% used [0x00000000eab00000,0x00000000ebc00000,0x00000000ebc00000)
  from space 1024K, 55% used [0x00000000ebe80000,0x00000000ebf0de68,0x00000000ebf80000)
  to   space 1536K, 0% used [0x00000000ebc80000,0x00000000ebc80000,0x00000000ebe00000)
 ParOldGen       total 68608K, used 38923K [0x00000000c0000000, 0x00000000c4300000, 0x00000000eab00000)
  object space 68608K, 56% used [0x00000000c0000000,0x00000000c2602d70,0x00000000c4300000)
 Metaspace       used 53592K, committed 54400K, reserved 1114112K
  class space    used 5340K, committed 5696K, reserved 1048576K
}
Event: 35.464 GC heap after
{Heap after GC invocations=33 (full 2):
 PSYoungGen      total 18944K, used 1200K [0x00000000eab00000, 0x00000000ebf00000, 0x0000000100000000)
  eden space 17408K, 0% used [0x00000000eab00000,0x00000000eab00000,0x00000000ebc00000)
  from space 1536K, 78% used [0x00000000ebc80000,0x00000000ebdac030,0x00000000ebe00000)
  to   space 1024K, 0% used [0x00000000ebe00000,0x00000000ebe00000,0x00000000ebf00000)
 ParOldGen       total 68608K, used 39306K [0x00000000c0000000, 0x00000000c4300000, 0x00000000eab00000)
  object space 68608K, 57% used [0x00000000c0000000,0x00000000c2662bd8,0x00000000c4300000)
 Metaspace       used 53592K, committed 54400K, reserved 1114112K
  class space    used 5340K, committed 5696K, reserved 1048576K
}
Event: 37.587 GC heap before
{Heap before GC invocations=34 (full 2):
 PSYoungGen      total 18944K, used 18608K [0x00000000eab00000, 0x00000000ebf00000, 0x0000000100000000)
  eden space 17408K, 100% used [0x00000000eab00000,0x00000000ebc00000,0x00000000ebc00000)
  from space 1536K, 78% used [0x00000000ebc80000,0x00000000ebdac030,0x00000000ebe00000)
  to   space 1024K, 0% used [0x00000000ebe00000,0x00000000ebe00000,0x00000000ebf00000)
 ParOldGen       total 68608K, used 39306K [0x00000000c0000000, 0x00000000c4300000, 0x00000000eab00000)
  object space 68608K, 57% used [0x00000000c0000000,0x00000000c2662bd8,0x00000000c4300000)
 Metaspace       used 53654K, committed 54528K, reserved 1114112K
  class space    used 5340K, committed 5696K, reserved 1048576K
}
Event: 37.588 GC heap after
{Heap after GC invocations=34 (full 2):
 PSYoungGen      total 17920K, used 480K [0x00000000eab00000, 0x00000000ebe80000, 0x0000000100000000)
  eden space 17408K, 0% used [0x00000000eab00000,0x00000000eab00000,0x00000000ebc00000)
  from space 512K, 93% used [0x00000000ebe00000,0x00000000ebe78000,0x00000000ebe80000)
  to   space 1024K, 0% used [0x00000000ebc80000,0x00000000ebc80000,0x00000000ebd80000)
 ParOldGen       total 68608K, used 40265K [0x00000000c0000000, 0x00000000c4300000, 0x00000000eab00000)
  object space 68608K, 58% used [0x00000000c0000000,0x00000000c2752508,0x00000000c4300000)
 Metaspace       used 53654K, committed 54528K, reserved 1114112K
  class space    used 5340K, committed 5696K, reserved 1048576K
}
Event: 39.204 GC heap before
{Heap before GC invocations=35 (full 2):
 PSYoungGen      total 17920K, used 17888K [0x00000000eab00000, 0x00000000ebe80000, 0x0000000100000000)
  eden space 17408K, 100% used [0x00000000eab00000,0x00000000ebc00000,0x00000000ebc00000)
  from space 512K, 93% used [0x00000000ebe00000,0x00000000ebe78000,0x00000000ebe80000)
  to   space 1024K, 0% used [0x00000000ebc80000,0x00000000ebc80000,0x00000000ebd80000)
 ParOldGen       total 68608K, used 40265K [0x00000000c0000000, 0x00000000c4300000, 0x00000000eab00000)
  object space 68608K, 58% used [0x00000000c0000000,0x00000000c2752508,0x00000000c4300000)
 Metaspace       used 53868K, committed 54720K, reserved 1114112K
  class space    used 5340K, committed 5696K, reserved 1048576K
}
Event: 39.206 GC heap after
{Heap after GC invocations=35 (full 2):
 PSYoungGen      total 18432K, used 1008K [0x00000000eab00000, 0x00000000ebf00000, 0x0000000100000000)
  eden space 17408K, 0% used [0x00000000eab00000,0x00000000eab00000,0x00000000ebc00000)
  from space 1024K, 98% used [0x00000000ebc80000,0x00000000ebd7c010,0x00000000ebd80000)
  to   space 1536K, 0% used [0x00000000ebd80000,0x00000000ebd80000,0x00000000ebf00000)
 ParOldGen       total 68608K, used 40444K [0x00000000c0000000, 0x00000000c4300000, 0x00000000eab00000)
  object space 68608K, 58% used [0x00000000c0000000,0x00000000c277f1b0,0x00000000c4300000)
 Metaspace       used 53868K, committed 54720K, reserved 1114112K
  class space    used 5340K, committed 5696K, reserved 1048576K
}
Event: 39.683 GC heap before
{Heap before GC invocations=36 (full 2):
 PSYoungGen      total 18432K, used 18416K [0x00000000eab00000, 0x00000000ebf00000, 0x0000000100000000)
  eden space 17408K, 100% used [0x00000000eab00000,0x00000000ebc00000,0x00000000ebc00000)
  from space 1024K, 98% used [0x00000000ebc80000,0x00000000ebd7c010,0x00000000ebd80000)
  to   space 1536K, 0% used [0x00000000ebd80000,0x00000000ebd80000,0x00000000ebf00000)
 ParOldGen       total 68608K, used 40444K [0x00000000c0000000, 0x00000000c4300000, 0x00000000eab00000)
  object space 68608K, 58% used [0x00000000c0000000,0x00000000c277f1b0,0x00000000c4300000)
 Metaspace       used 54236K, committed 55168K, reserved 1114112K
  class space    used 5362K, committed 5760K, reserved 1048576K
}
Event: 39.686 GC heap after
{Heap after GC invocations=36 (full 2):
 PSYoungGen      total 18432K, used 512K [0x00000000eab00000, 0x00000000ebe80000, 0x0000000100000000)
  eden space 17408K, 0% used [0x00000000eab00000,0x00000000eab00000,0x00000000ebc00000)
  from space 1024K, 50% used [0x00000000ebd80000,0x00000000ebe00020,0x00000000ebe80000)
  to   space 1024K, 0% used [0x00000000ebc80000,0x00000000ebc80000,0x00000000ebd80000)
 ParOldGen       total 68608K, used 41218K [0x00000000c0000000, 0x00000000c4300000, 0x00000000eab00000)
  object space 68608K, 60% used [0x00000000c0000000,0x00000000c28408f0,0x00000000c4300000)
 Metaspace       used 54236K, committed 55168K, reserved 1114112K
  class space    used 5362K, committed 5760K, reserved 1048576K
}
Event: 40.913 GC heap before
{Heap before GC invocations=37 (full 2):
 PSYoungGen      total 18432K, used 17920K [0x00000000eab00000, 0x00000000ebe80000, 0x0000000100000000)
  eden space 17408K, 100% used [0x00000000eab00000,0x00000000ebc00000,0x00000000ebc00000)
  from space 1024K, 50% used [0x00000000ebd80000,0x00000000ebe00020,0x00000000ebe80000)
  to   space 1024K, 0% used [0x00000000ebc80000,0x00000000ebc80000,0x00000000ebd80000)
 ParOldGen       total 68608K, used 41218K [0x00000000c0000000, 0x00000000c4300000, 0x00000000eab00000)
  object space 68608K, 60% used [0x00000000c0000000,0x00000000c28408f0,0x00000000c4300000)
 Metaspace       used 54549K, committed 55424K, reserved 1114112K
  class space    used 5381K, committed 5760K, reserved 1048576K
}
Event: 40.916 GC heap after
{Heap after GC invocations=37 (full 2):
 PSYoungGen      total 18432K, used 944K [0x00000000eab00000, 0x00000000ebf00000, 0x0000000100000000)
  eden space 17408K, 0% used [0x00000000eab00000,0x00000000eab00000,0x00000000ebc00000)
  from space 1024K, 92% used [0x00000000ebc80000,0x00000000ebd6c030,0x00000000ebd80000)
  to   space 1536K, 0% used [0x00000000ebd80000,0x00000000ebd80000,0x00000000ebf00000)
 ParOldGen       total 68608K, used 41466K [0x00000000c0000000, 0x00000000c4300000, 0x00000000eab00000)
  object space 68608K, 60% used [0x00000000c0000000,0x00000000c287e8f0,0x00000000c4300000)
 Metaspace       used 54549K, committed 55424K, reserved 1114112K
  class space    used 5381K, committed 5760K, reserved 1048576K
}
Event: 43.398 GC heap before
{Heap before GC invocations=38 (full 2):
 PSYoungGen      total 18432K, used 18352K [0x00000000eab00000, 0x00000000ebf00000, 0x0000000100000000)
  eden space 17408K, 100% used [0x00000000eab00000,0x00000000ebc00000,0x00000000ebc00000)
  from space 1024K, 92% used [0x00000000ebc80000,0x00000000ebd6c030,0x00000000ebd80000)
  to   space 1536K, 0% used [0x00000000ebd80000,0x00000000ebd80000,0x00000000ebf00000)
 ParOldGen       total 68608K, used 41466K [0x00000000c0000000, 0x00000000c4300000, 0x00000000eab00000)
  object space 68608K, 60% used [0x00000000c0000000,0x00000000c287e8f0,0x00000000c4300000)
 Metaspace       used 54752K, committed 55680K, reserved 1114112K
  class space    used 5384K, committed 5760K, reserved 1048576K
}
Event: 43.400 GC heap after
{Heap after GC invocations=38 (full 2):
 PSYoungGen      total 17920K, used 416K [0x00000000eab00000, 0x00000000ebe00000, 0x0000000100000000)
  eden space 17408K, 0% used [0x00000000eab00000,0x00000000eab00000,0x00000000ebc00000)
  from space 512K, 81% used [0x00000000ebd80000,0x00000000ebde8000,0x00000000ebe00000)
  to   space 1024K, 0% used [0x00000000ebc00000,0x00000000ebc00000,0x00000000ebd00000)
 ParOldGen       total 68608K, used 42243K [0x00000000c0000000, 0x00000000c4300000, 0x00000000eab00000)
  object space 68608K, 61% used [0x00000000c0000000,0x00000000c2940ff8,0x00000000c4300000)
 Metaspace       used 54752K, committed 55680K, reserved 1114112K
  class space    used 5384K, committed 5760K, reserved 1048576K
}
Event: 43.987 GC heap before
{Heap before GC invocations=39 (full 2):
 PSYoungGen      total 17920K, used 17824K [0x00000000eab00000, 0x00000000ebe00000, 0x0000000100000000)
  eden space 17408K, 100% used [0x00000000eab00000,0x00000000ebc00000,0x00000000ebc00000)
  from space 512K, 81% used [0x00000000ebd80000,0x00000000ebde8000,0x00000000ebe00000)
  to   space 1024K, 0% used [0x00000000ebc00000,0x00000000ebc00000,0x00000000ebd00000)
 ParOldGen       total 68608K, used 42243K [0x00000000c0000000, 0x00000000c4300000, 0x00000000eab00000)
  object space 68608K, 61% used [0x00000000c0000000,0x00000000c2940ff8,0x00000000c4300000)
 Metaspace       used 54858K, committed 55744K, reserved 1114112K
  class space    used 5385K, committed 5760K, reserved 1048576K
}
Event: 43.989 GC heap after
{Heap after GC invocations=39 (full 2):
 PSYoungGen      total 18432K, used 640K [0x00000000eab00000, 0x00000000ebe00000, 0x0000000100000000)
  eden space 17408K, 0% used [0x00000000eab00000,0x00000000eab00000,0x00000000ebc00000)
  from space 1024K, 62% used [0x00000000ebc00000,0x00000000ebca0020,0x00000000ebd00000)
  to   space 1024K, 0% used [0x00000000ebd00000,0x00000000ebd00000,0x00000000ebe00000)
 ParOldGen       total 68608K, used 42355K [0x00000000c0000000, 0x00000000c4300000, 0x00000000eab00000)
  object space 68608K, 61% used [0x00000000c0000000,0x00000000c295cff8,0x00000000c4300000)
 Metaspace       used 54858K, committed 55744K, reserved 1114112K
  class space    used 5385K, committed 5760K, reserved 1048576K
}
Event: 45.484 GC heap before
{Heap before GC invocations=40 (full 2):
 PSYoungGen      total 18432K, used 18048K [0x00000000eab00000, 0x00000000ebe00000, 0x0000000100000000)
  eden space 17408K, 100% used [0x00000000eab00000,0x00000000ebc00000,0x00000000ebc00000)
  from space 1024K, 62% used [0x00000000ebc00000,0x00000000ebca0020,0x00000000ebd00000)
  to   space 1024K, 0% used [0x00000000ebd00000,0x00000000ebd00000,0x00000000ebe00000)
 ParOldGen       total 68608K, used 42355K [0x00000000c0000000, 0x00000000c4300000, 0x00000000eab00000)
  object space 68608K, 61% used [0x00000000c0000000,0x00000000c295cff8,0x00000000c4300000)
 Metaspace       used 54924K, committed 55808K, reserved 1114112K
  class space    used 5385K, committed 5760K, reserved 1048576K
}
Event: 45.487 GC heap after
{Heap after GC invocations=40 (full 2):
 PSYoungGen      total 16896K, used 1008K [0x00000000eab00000, 0x00000000ec100000, 0x0000000100000000)
  eden space 15872K, 0% used [0x00000000eab00000,0x00000000eab00000,0x00000000eba80000)
  from space 1024K, 98% used [0x00000000ebd00000,0x00000000ebdfc030,0x00000000ebe00000)
  to   space 2560K, 0% used [0x00000000eba80000,0x00000000eba80000,0x00000000ebd00000)
 ParOldGen       total 68608K, used 43525K [0x00000000c0000000, 0x00000000c4300000, 0x00000000eab00000)
  object space 68608K, 63% used [0x00000000c0000000,0x00000000c2a816c0,0x00000000c4300000)
 Metaspace       used 54924K, committed 55808K, reserved 1114112K
  class space    used 5385K, committed 5760K, reserved 1048576K
}
Event: 49.659 GC heap before
{Heap before GC invocations=41 (full 2):
 PSYoungGen      total 16896K, used 16880K [0x00000000eab00000, 0x00000000ec100000, 0x0000000100000000)
  eden space 15872K, 100% used [0x00000000eab00000,0x00000000eba80000,0x00000000eba80000)
  from space 1024K, 98% used [0x00000000ebd00000,0x00000000ebdfc030,0x00000000ebe00000)
  to   space 2560K, 0% used [0x00000000eba80000,0x00000000eba80000,0x00000000ebd00000)
 ParOldGen       total 68608K, used 43525K [0x00000000c0000000, 0x00000000c4300000, 0x00000000eab00000)
  object space 68608K, 63% used [0x00000000c0000000,0x00000000c2a816c0,0x00000000c4300000)
 Metaspace       used 54968K, committed 55808K, reserved 1114112K
  class space    used 5385K, committed 5760K, reserved 1048576K
}
Event: 49.661 GC heap after
{Heap after GC invocations=41 (full 2):
 PSYoungGen      total 16384K, used 480K [0x00000000eab00000, 0x00000000ebd80000, 0x0000000100000000)
  eden space 15872K, 0% used [0x00000000eab00000,0x00000000eab00000,0x00000000eba80000)
  from space 512K, 93% used [0x00000000eba80000,0x00000000ebaf8000,0x00000000ebb00000)
  to   space 1536K, 0% used [0x00000000ebc00000,0x00000000ebc00000,0x00000000ebd80000)
 ParOldGen       total 68608K, used 44296K [0x00000000c0000000, 0x00000000c4300000, 0x00000000eab00000)
  object space 68608K, 64% used [0x00000000c0000000,0x00000000c2b42228,0x00000000c4300000)
 Metaspace       used 54968K, committed 55808K, reserved 1114112K
  class space    used 5385K, committed 5760K, reserved 1048576K
}

